[03:00:40.113][INFO][CraftTweaker-EarlyInit]: CraftTweaker is running on a Minecraft 1.20.1 production server modded with platform Forge
[03:00:40.137][INFO][CraftTweaker-EarlyInit]: Successfully injected RecipeFS file system
[03:00:40.238][INFO][CraftTweaker-Plugins]: Successfully identified and loaded plugin crafttweaker:builtin
[03:00:40.242][INFO][CraftTweaker-Plugins]: Successfully identified and loaded plugin crafttweaker:builtin_forge
[03:00:40.244][INFO][CraftTweaker-Plugins]: Successfully identified and loaded plugin createtweaker:main
[03:00:40.249][INFO][CraftTweaker-Plugins]: Successfully identified and loaded plugin farmersdelight:crafttweaker_plugin
[03:00:40.252][INFO][CraftTweaker-Plugins]: Successfully identified and loaded plugin refurbished_furniture:plugin
[03:00:41.962][INFO][CraftTweaker]: The following mods have explicit CraftTweaker support through the default plugin:
[03:00:41.963][INFO][CraftTweaker]: - 'crafttweaker' at version '14.0.48'
[03:00:41.963][INFO][CraftTweaker]: - 'createtweaker' at version '4.0.13'
[03:00:41.963][INFO][CraftTweaker]: - 'farmersdelight' at version '1.20.1-1.2.6'
[03:00:41.963][INFO][CraftTweaker]: - 'refurbished_furniture' at version '1.0.8'
[03:00:54.544][INFO][CraftTweaker-ZenCode]: Started loading scripts for loader 'initialize'
[03:00:55.707][INFO][CraftTweaker-ZenCode]: Compiling and executing scripts
[03:00:55.777][INFO][CraftTweaker-ZenCode]: Successfully initialized modules [crafttweaker, expansions]
[03:00:56.000][INFO][CraftTweaker-ZenCode]: Execution for loader 'initialize' completed successfully
[03:01:24.277][INFO][CraftTweaker-ZenCode]: Started loading scripts for loader 'tags'
[03:01:24.316][INFO][CraftTweaker-ZenCode]: Compiling and executing scripts
[03:01:24.340][INFO][CraftTweaker-ZenCode]: Successfully initialized modules [crafttweaker, expansions]
[03:01:24.352][INFO][CraftTweaker-ZenCode]: Execution for loader 'tags' completed successfully
[03:01:25.931][INFO][CraftTweaker]: crafttweaker.reload.start
[03:01:25.935][INFO][CraftTweaker-ZenCode]: Started loading scripts for loader 'crafttweaker'
[03:01:25.962][INFO][CraftTweaker-ZenCode]: Compiling and executing scripts
[03:01:26.488][INFO][CraftTweaker-ZenCode]: Successfully initialized modules [mods, crafttweaker, expansions]
[03:01:26.499][INFO][CraftTweaker-ZenCode]: Execution for loader 'crafttweaker' completed successfully
[03:01:26.500][INFO][CraftTweaker]: crafttweaker.reload.complete
